c:\users\edwardsmith\documents\github\agplabwork\agp\x64\debug\vc141.pdb
c:\users\edwardsmith\documents\github\agplabwork\agp\x64\debug\vc141.idb
c:\users\edwardsmith\documents\github\agplabwork\agp\x64\debug\timer.obj
c:\users\edwardsmith\documents\github\agplabwork\agp\x64\debug\text2d.obj
c:\users\edwardsmith\documents\github\agplabwork\agp\x64\debug\particlegenerator.obj
c:\users\edwardsmith\documents\github\agplabwork\agp\x64\debug\objfilemodel.obj
c:\users\edwardsmith\documents\github\agplabwork\agp\x64\debug\model.obj
c:\users\edwardsmith\documents\github\agplabwork\agp\x64\debug\main.obj
c:\users\edwardsmith\documents\github\agplabwork\agp\x64\debug\input.obj
c:\users\edwardsmith\documents\github\agplabwork\agp\x64\debug\cubemap.obj
c:\users\edwardsmith\documents\github\agplabwork\agp\x64\debug\camera.obj
c:\users\edwardsmith\documents\github\agplabwork\agp\x64\debug\agplabs.exe
c:\users\edwardsmith\documents\github\agplabwork\agp\x64\debug\agplabs.ilk
c:\users\edwardsmith\documents\github\agplabwork\agp\x64\debug\agplabs.pdb
c:\users\edwardsmith\documents\github\agplabwork\agp\x64\debug\agplabs.tlog\cl.command.1.tlog
c:\users\edwardsmith\documents\github\agplabwork\agp\x64\debug\agplabs.tlog\cl.read.1.tlog
c:\users\edwardsmith\documents\github\agplabwork\agp\x64\debug\agplabs.tlog\cl.write.1.tlog
c:\users\edwardsmith\documents\github\agplabwork\agp\x64\debug\agplabs.tlog\link.command.1.tlog
c:\users\edwardsmith\documents\github\agplabwork\agp\x64\debug\agplabs.tlog\link.read.1.tlog
c:\users\edwardsmith\documents\github\agplabwork\agp\x64\debug\agplabs.tlog\link.write.1.tlog
